<?xml version="1.0" encoding="UTF-8"?>
<testsuite name="com.fullcycle.admin.catalogo.application.UseCaseTest" tests="1" skipped="0" failures="0" errors="0" timestamp="2023-03-17T17:59:08" hostname="N979TIINOV03" time="0.021">
  <properties/>
  <testcase name="testCreateUseCase()" classname="com.fullcycle.admin.catalogo.application.UseCaseTest" time="0.021"/>
  <system-out><![CDATA[]]></system-out>
  <system-err><![CDATA[]]></system-err>
</testsuite>
