<?xml version="1.0" encoding="UTF-8"?>
<testsuite name="com.fullcycle.admin.catalogo.domain.category.CategoryTest" tests="1" skipped="0" failures="0" errors="0" timestamp="2023-03-17T17:49:26" hostname="N979TIINOV03" time="0.062">
  <properties/>
  <testcase name="givenAnInvalidNullName_whenCallNewCategoryAndValidate_thenShouldReturnError()" classname="com.fullcycle.admin.catalogo.domain.category.CategoryTest" time="0.062"/>
  <system-out><![CDATA[]]></system-out>
  <system-err><![CDATA[]]></system-err>
</testsuite>
