<?xml version="1.0" encoding="UTF-8"?>
<testsuite name="com.fullcycle.admin.catalogo.domain.CategoryTest" tests="1" skipped="0" failures="0" errors="0" timestamp="2023-03-17T14:04:42" hostname="N979TIINOV03" time="0.032">
  <properties/>
  <testcase name="testNewCategory()" classname="com.fullcycle.admin.catalogo.domain.CategoryTest" time="0.032"/>
  <system-out><![CDATA[]]></system-out>
  <system-err><![CDATA[]]></system-err>
</testsuite>
