<?xml version="1.0" encoding="UTF-8"?>
<testsuite name="com.fullcycle.admin.catalogo.domain.category.CategoryTest" tests="1" skipped="0" failures="0" errors="0" timestamp="2023-03-17T19:03:28" hostname="N979TIINOV03" time="0.02">
  <properties/>
  <testcase name="givenAValidCategory_whenCallUpdateInactive_thenReturnCategoryUpdated()" classname="com.fullcycle.admin.catalogo.domain.category.CategoryTest" time="0.02"/>
  <system-out><![CDATA[]]></system-out>
  <system-err><![CDATA[]]></system-err>
</testsuite>
